<?xml version="1.0" encoding="UTF-8"?>
<!-- Generated by org.testng.reporters.JUnitReportReporter -->
<testsuite hostname="DESKTOP-OTFII76" failures="0" tests="1" name="com.runner.runnercls" time="82.777" errors="0" timestamp="2024-05-07T15:21:39 IST" skipped="0">
  <testcase classname="com.runner.runnercls" name="runScenario" time="82.777"/>
</testsuite> <!-- com.runner.runnercls -->
